# JRE version: Java(TM) SE Runtime Environment (8.0_20-b26) (build 1.8.0_20-b26)
# Java VM: Java HotSpot(TM) 64-Bit Server VM (25.20-b23 mixed mode linux-amd64 compressed oops)
Heap:
 PSYoungGen      total 60416K, used 31867K [0x00000000d6e00000, 0x00000000de280000, 0x0000000100000000)
  eden space 55296K, 56% used [0x00000000d6e00000,0x00000000d8cc2c90,0x00000000da400000)
  from space 5120K, 7% used [0x00000000da400000,0x00000000da45c010,0x00000000da900000)
  to   space 8704K, 0% used [0x00000000dda00000,0x00000000dda00000,0x00000000de280000)
 ParOldGen       total 38912K, used 5759K [0x0000000084a00000, 0x0000000087000000, 0x00000000d6e00000)
  object space 38912K, 14% used [0x0000000084a00000,0x0000000084f9fcf8,0x0000000087000000)
 Metaspace       used 24533K, capacity 24726K, committed 24960K, reserved 1071104K
  class space    used 3624K, capacity 3678K, committed 3712K, reserved 1048576K
GC Heap History (10 events):
Event: 10,901 GC heap before
{Heap before GC invocations=2 (full 0):
 PSYoungGen      total 36864K, used 22521K [0x00000000d6e00000, 0x00000000d9700000, 0x0000000100000000)
  eden space 31744K, 54% used [0x00000000d6e00000,0x00000000d7f031a0,0x00000000d8d00000)
  from space 5120K, 99% used [0x00000000d8d00000,0x00000000d91fb438,0x00000000d9200000)
  to   space 5120K, 0% used [0x00000000d9200000,0x00000000d9200000,0x00000000d9700000)
 ParOldGen       total 84992K, used 1145K [0x0000000084a00000, 0x0000000089d00000, 0x00000000d6e00000)
  object space 84992K, 1% used [0x0000000084a00000,0x0000000084b1e6c8,0x0000000089d00000)
 Metaspace       used 20851K, capacity 21036K, committed 21248K, reserved 1067008K
  class space    used 2732K, capacity 2813K, committed 2816K, reserved 1048576K
Event: 10,908 GC heap after
Heap after GC invocations=2 (full 0):
 PSYoungGen      total 36864K, used 5099K [0x00000000d6e00000, 0x00000000d9700000, 0x0000000100000000)
  eden space 31744K, 0% used [0x00000000d6e00000,0x00000000d6e00000,0x00000000d8d00000)
  from space 5120K, 99% used [0x00000000d9200000,0x00000000d96fae90,0x00000000d9700000)
  to   space 5120K, 0% used [0x00000000d8d00000,0x00000000d8d00000,0x00000000d9200000)
 ParOldGen       total 84992K, used 2024K [0x0000000084a00000, 0x0000000089d00000, 0x00000000d6e00000)
  object space 84992K, 2% used [0x0000000084a00000,0x0000000084bfa228,0x0000000089d00000)
 Metaspace       used 20851K, capacity 21036K, committed 21248K, reserved 1067008K
  class space    used 2732K, capacity 2813K, committed 2816K, reserved 1048576K
}
Event: 10,908 GC heap before
{Heap before GC invocations=3 (full 1):
 PSYoungGen      total 36864K, used 5099K [0x00000000d6e00000, 0x00000000d9700000, 0x0000000100000000)
  eden space 31744K, 0% used [0x00000000d6e00000,0x00000000d6e00000,0x00000000d8d00000)
  from space 5120K, 99% used [0x00000000d9200000,0x00000000d96fae90,0x00000000d9700000)
  to   space 5120K, 0% used [0x00000000d8d00000,0x00000000d8d00000,0x00000000d9200000)
 ParOldGen       total 84992K, used 2024K [0x0000000084a00000, 0x0000000089d00000, 0x00000000d6e00000)
  object space 84992K, 2% used [0x0000000084a00000,0x0000000084bfa228,0x0000000089d00000)
 Metaspace       used 20851K, capacity 21036K, committed 21248K, reserved 1067008K
  class space    used 2732K, capacity 2813K, committed 2816K, reserved 1048576K
Event: 10,939 GC heap after
Heap after GC invocations=3 (full 1):
 PSYoungGen      total 36864K, used 0K [0x00000000d6e00000, 0x00000000d9700000, 0x0000000100000000)
  eden space 31744K, 0% used [0x00000000d6e00000,0x00000000d6e00000,0x00000000d8d00000)
  from space 5120K, 0% used [0x00000000d9200000,0x00000000d9200000,0x00000000d9700000)
  to   space 5120K, 0% used [0x00000000d8d00000,0x00000000d8d00000,0x00000000d9200000)
 ParOldGen       total 38912K, used 5759K [0x0000000084a00000, 0x0000000087000000, 0x00000000d6e00000)
  object space 38912K, 14% used [0x0000000084a00000,0x0000000084f9fcf8,0x0000000087000000)
 Metaspace       used 20850K, capacity 21034K, committed 21248K, reserved 1067008K
  class space    used 2732K, capacity 2812K, committed 2816K, reserved 1048576K
}
Event: 11,169 GC heap before
{Heap before GC invocations=4 (full 1):
 PSYoungGen      total 36864K, used 31744K [0x00000000d6e00000, 0x00000000d9700000, 0x0000000100000000)
  eden space 31744K, 100% used [0x00000000d6e00000,0x00000000d8d00000,0x00000000d8d00000)
  from space 5120K, 0% used [0x00000000d9200000,0x00000000d9200000,0x00000000d9700000)
  to   space 5120K, 0% used [0x00000000d8d00000,0x00000000d8d00000,0x00000000d9200000)
 ParOldGen       total 38912K, used 5759K [0x0000000084a00000, 0x0000000087000000, 0x00000000d6e00000)
  object space 38912K, 14% used [0x0000000084a00000,0x0000000084f9fcf8,0x0000000087000000)
 Metaspace       used 24057K, capacity 24266K, committed 24704K, reserved 1071104K
  class space    used 3609K, capacity 3676K, committed 3712K, reserved 1048576K
Event: 11,173 GC heap after
Heap after GC invocations=4 (full 1):
 PSYoungGen      total 36864K, used 3349K [0x00000000d6e00000, 0x00000000dae00000, 0x0000000100000000)
  eden space 31744K, 0% used [0x00000000d6e00000,0x00000000d6e00000,0x00000000d8d00000)
  from space 5120K, 65% used [0x00000000d8d00000,0x00000000d9045510,0x00000000d9200000)
  to   space 5120K, 0% used [0x00000000da900000,0x00000000da900000,0x00000000dae00000)
 ParOldGen       total 38912K, used 5759K [0x0000000084a00000, 0x0000000087000000, 0x00000000d6e00000)
  object space 38912K, 14% used [0x0000000084a00000,0x0000000084f9fcf8,0x0000000087000000)
 Metaspace       used 24057K, capacity 24266K, committed 24704K, reserved 1071104K
  class space    used 3609K, capacity 3676K, committed 3712K, reserved 1048576K
}
Event: 11,261 GC heap before
{Heap before GC invocations=5 (full 1):
 PSYoungGen      total 36864K, used 35093K [0x00000000d6e00000, 0x00000000dae00000, 0x0000000100000000)
  eden space 31744K, 100% used [0x00000000d6e00000,0x00000000d8d00000,0x00000000d8d00000)
  from space 5120K, 65% used [0x00000000d8d00000,0x00000000d9045510,0x00000000d9200000)
  to   space 5120K, 0% used [0x00000000da900000,0x00000000da900000,0x00000000dae00000)
 ParOldGen       total 38912K, used 5759K [0x0000000084a00000, 0x0000000087000000, 0x00000000d6e00000)
  object space 38912K, 14% used [0x0000000084a00000,0x0000000084f9fcf8,0x0000000087000000)
 Metaspace       used 24071K, capacity 24330K, committed 24704K, reserved 1071104K
  class space    used 3609K, capacity 3676K, committed 3712K, reserved 1048576K
Event: 11,263 GC heap after
Heap after GC invocations=5 (full 1):
 PSYoungGen      total 60416K, used 384K [0x00000000d6e00000, 0x00000000db080000, 0x0000000100000000)
  eden space 55296K, 0% used [0x00000000d6e00000,0x00000000d6e00000,0x00000000da400000)
  from space 5120K, 7% used [0x00000000da900000,0x00000000da960000,0x00000000dae00000)
  to   space 5120K, 0% used [0x00000000da400000,0x00000000da400000,0x00000000da900000)
 ParOldGen       total 38912K, used 5759K [0x0000000084a00000, 0x0000000087000000, 0x00000000d6e00000)
  object space 38912K, 14% used [0x0000000084a00000,0x0000000084f9fcf8,0x0000000087000000)
 Metaspace       used 24071K, capacity 24330K, committed 24704K, reserved 1071104K
  class space    used 3609K, capacity 3676K, committed 3712K, reserved 1048576K
}
Event: 11,413 GC heap before
{Heap before GC invocations=6 (full 1):
 PSYoungGen      total 60416K, used 55680K [0x00000000d6e00000, 0x00000000db080000, 0x0000000100000000)
  eden space 55296K, 100% used [0x00000000d6e00000,0x00000000da400000,0x00000000da400000)
  from space 5120K, 7% used [0x00000000da900000,0x00000000da960000,0x00000000dae00000)
  to   space 5120K, 0% used [0x00000000da400000,0x00000000da400000,0x00000000da900000)
 ParOldGen       total 38912K, used 5759K [0x0000000084a00000, 0x0000000087000000, 0x00000000d6e00000)
  object space 38912K, 14% used [0x0000000084a00000,0x0000000084f9fcf8,0x0000000087000000)
 Metaspace       used 24092K, capacity 24330K, committed 24704K, reserved 1071104K
  class space    used 3609K, capacity 3676K, committed 3712K, reserved 1048576K
Event: 11,417 GC heap after
Heap after GC invocations=6 (full 1):
 PSYoungGen      total 60416K, used 368K [0x00000000d6e00000, 0x00000000de280000, 0x0000000100000000)
  eden space 55296K, 0% used [0x00000000d6e00000,0x00000000d6e00000,0x00000000da400000)
  from space 5120K, 7% used [0x00000000da400000,0x00000000da45c010,0x00000000da900000)
  to   space 8704K, 0% used [0x00000000dda00000,0x00000000dda00000,0x00000000de280000)
 ParOldGen       total 38912K, used 5759K [0x0000000084a00000, 0x0000000087000000, 0x00000000d6e00000)
  object space 38912K, 14% used [0x0000000084a00000,0x0000000084f9fcf8,0x0000000087000000)
 Metaspace       used 24092K, capacity 24330K, committed 24704K, reserved 1071104K
  class space    used 3609K, capacity 3676K, committed 3712K, reserved 1048576K
}

